Sun Aug 14 03:31:50 UTC 2016
#=============================================================================#
#            dieharder version 3.31.1 Copyright 2003 Robert G. Brown          #
#=============================================================================#
   rng_name    |           filename             |rands/second|
 file_input_raw|                    tmp/jaesprng|  1.26e+07  |
#=============================================================================#
        test_name   |ntup| tsamples |psamples|  p-value |Assessment
#=============================================================================#
   diehard_birthdays|   0|       100|     100|0.07662923|  PASSED  
      diehard_operm5|   0|   1000000|     100|0.68214076|  PASSED  
  diehard_rank_32x32|   0|     40000|     100|0.56748736|  PASSED  
    diehard_rank_6x8|   0|    100000|     100|0.98141898|  PASSED  
   diehard_bitstream|   0|   2097152|     100|0.93068128|  PASSED  
        diehard_opso|   0|   2097152|     100|0.81454393|  PASSED  
        diehard_oqso|   0|   2097152|     100|0.18115514|  PASSED  
         diehard_dna|   0|   2097152|     100|0.29402305|  PASSED  
diehard_count_1s_str|   0|    256000|     100|0.40345564|  PASSED  
diehard_count_1s_byt|   0|    256000|     100|0.83888921|  PASSED  
 diehard_parking_lot|   0|     12000|     100|0.60849546|  PASSED  
    diehard_2dsphere|   2|      8000|     100|0.73488330|  PASSED  
    diehard_3dsphere|   3|      4000|     100|0.24732150|  PASSED  
     diehard_squeeze|   0|    100000|     100|0.21436606|  PASSED  
        diehard_sums|   0|       100|     100|0.06821049|  PASSED  
        diehard_runs|   0|    100000|     100|0.97835967|  PASSED  
        diehard_runs|   0|    100000|     100|0.08469236|  PASSED  
       diehard_craps|   0|    200000|     100|0.58977687|  PASSED  
       diehard_craps|   0|    200000|     100|0.37498861|  PASSED  
 marsaglia_tsang_gcd|   0|  10000000|     100|0.90847354|  PASSED  
 marsaglia_tsang_gcd|   0|  10000000|     100|0.06548250|  PASSED  
         sts_monobit|   1|    100000|     100|0.23090828|  PASSED  
            sts_runs|   2|    100000|     100|0.29401995|  PASSED  
          sts_serial|   1|    100000|     100|0.99973292|   WEAK   
          sts_serial|   2|    100000|     100|0.64851106|  PASSED  
          sts_serial|   3|    100000|     100|0.74280557|  PASSED  
          sts_serial|   3|    100000|     100|0.79214622|  PASSED  
          sts_serial|   4|    100000|     100|0.60192379|  PASSED  
          sts_serial|   4|    100000|     100|0.98207610|  PASSED  
          sts_serial|   5|    100000|     100|0.88877664|  PASSED  
          sts_serial|   5|    100000|     100|0.96595746|  PASSED  
          sts_serial|   6|    100000|     100|0.78606197|  PASSED  
          sts_serial|   6|    100000|     100|0.35994782|  PASSED  
          sts_serial|   7|    100000|     100|0.08049403|  PASSED  
          sts_serial|   7|    100000|     100|0.46056204|  PASSED  
          sts_serial|   8|    100000|     100|0.62836524|  PASSED  
          sts_serial|   8|    100000|     100|0.23308026|  PASSED  
          sts_serial|   9|    100000|     100|0.97349374|  PASSED  
          sts_serial|   9|    100000|     100|0.66720493|  PASSED  
          sts_serial|  10|    100000|     100|0.66344702|  PASSED  
          sts_serial|  10|    100000|     100|0.64071323|  PASSED  
          sts_serial|  11|    100000|     100|0.37890818|  PASSED  
          sts_serial|  11|    100000|     100|0.89831721|  PASSED  
          sts_serial|  12|    100000|     100|0.92682506|  PASSED  
          sts_serial|  12|    100000|     100|0.66032703|  PASSED  
          sts_serial|  13|    100000|     100|0.56887083|  PASSED  
          sts_serial|  13|    100000|     100|0.28431569|  PASSED  
          sts_serial|  14|    100000|     100|0.03639351|  PASSED  
          sts_serial|  14|    100000|     100|0.05607411|  PASSED  
          sts_serial|  15|    100000|     100|0.34180341|  PASSED  
          sts_serial|  15|    100000|     100|0.87270413|  PASSED  
          sts_serial|  16|    100000|     100|0.01706949|  PASSED  
          sts_serial|  16|    100000|     100|0.01603427|  PASSED  
         rgb_bitdist|   1|    100000|     100|0.95541559|  PASSED  
         rgb_bitdist|   2|    100000|     100|0.60433578|  PASSED  
         rgb_bitdist|   3|    100000|     100|0.66060708|  PASSED  
         rgb_bitdist|   4|    100000|     100|0.73064785|  PASSED  
         rgb_bitdist|   5|    100000|     100|0.41981364|  PASSED  
         rgb_bitdist|   6|    100000|     100|0.60469536|  PASSED  
         rgb_bitdist|   7|    100000|     100|0.95897202|  PASSED  
         rgb_bitdist|   8|    100000|     100|0.30615475|  PASSED  
         rgb_bitdist|   9|    100000|     100|0.95770726|  PASSED  
         rgb_bitdist|  10|    100000|     100|0.89632620|  PASSED  
         rgb_bitdist|  11|    100000|     100|0.71932190|  PASSED  
         rgb_bitdist|  12|    100000|     100|0.55752708|  PASSED  
rgb_minimum_distance|   2|     10000|    1000|0.75294808|  PASSED  
rgb_minimum_distance|   3|     10000|    1000|0.22314708|  PASSED  
rgb_minimum_distance|   4|     10000|    1000|0.72491979|  PASSED  
rgb_minimum_distance|   5|     10000|    1000|0.07487294|  PASSED  
    rgb_permutations|   2|    100000|     100|0.96640229|  PASSED  
    rgb_permutations|   3|    100000|     100|0.69581232|  PASSED  
    rgb_permutations|   4|    100000|     100|0.59033708|  PASSED  
    rgb_permutations|   5|    100000|     100|0.82713732|  PASSED  
      rgb_lagged_sum|   0|   1000000|     100|0.68618728|  PASSED  
      rgb_lagged_sum|   1|   1000000|     100|0.27804154|  PASSED  
      rgb_lagged_sum|   2|   1000000|     100|0.14774063|  PASSED  
      rgb_lagged_sum|   3|   1000000|     100|0.70422439|  PASSED  
      rgb_lagged_sum|   4|   1000000|     100|0.58190984|  PASSED  
      rgb_lagged_sum|   5|   1000000|     100|0.92957912|  PASSED  
      rgb_lagged_sum|   6|   1000000|     100|0.37952309|  PASSED  
      rgb_lagged_sum|   7|   1000000|     100|0.18530115|  PASSED  
      rgb_lagged_sum|   8|   1000000|     100|0.18919743|  PASSED  
      rgb_lagged_sum|   9|   1000000|     100|0.98774767|  PASSED  
      rgb_lagged_sum|  10|   1000000|     100|0.57995008|  PASSED  
      rgb_lagged_sum|  11|   1000000|     100|0.23001554|  PASSED  
      rgb_lagged_sum|  12|   1000000|     100|0.56506937|  PASSED  
      rgb_lagged_sum|  13|   1000000|     100|0.33041134|  PASSED  
      rgb_lagged_sum|  14|   1000000|     100|0.42332628|  PASSED  
      rgb_lagged_sum|  15|   1000000|     100|0.56820599|  PASSED  
      rgb_lagged_sum|  16|   1000000|     100|0.54728904|  PASSED  
      rgb_lagged_sum|  17|   1000000|     100|0.65603332|  PASSED  
      rgb_lagged_sum|  18|   1000000|     100|0.43766281|  PASSED  
      rgb_lagged_sum|  19|   1000000|     100|0.68145570|  PASSED  
      rgb_lagged_sum|  20|   1000000|     100|0.52135686|  PASSED  
      rgb_lagged_sum|  21|   1000000|     100|0.67966783|  PASSED  
      rgb_lagged_sum|  22|   1000000|     100|0.43529993|  PASSED  
      rgb_lagged_sum|  23|   1000000|     100|0.42438511|  PASSED  
      rgb_lagged_sum|  24|   1000000|     100|0.21929723|  PASSED  
      rgb_lagged_sum|  25|   1000000|     100|0.39051263|  PASSED  
      rgb_lagged_sum|  26|   1000000|     100|0.78575974|  PASSED  
      rgb_lagged_sum|  27|   1000000|     100|0.82822322|  PASSED  
      rgb_lagged_sum|  28|   1000000|     100|0.15458827|  PASSED  
      rgb_lagged_sum|  29|   1000000|     100|0.42338417|  PASSED  
      rgb_lagged_sum|  30|   1000000|     100|0.55099035|  PASSED  
      rgb_lagged_sum|  31|   1000000|     100|0.99535311|   WEAK   
      rgb_lagged_sum|  32|   1000000|     100|0.79731440|  PASSED  
     rgb_kstest_test|   0|     10000|    1000|0.52842826|  PASSED  
     dab_bytedistrib|   0|  51200000|       1|0.49970681|  PASSED  
             dab_dct| 256|     50000|       1|0.79110916|  PASSED  
Preparing to run test 207.  ntuple = 0
        dab_filltree|  32|  15000000|       1|0.71847202|  PASSED  
        dab_filltree|  32|  15000000|       1|0.83918635|  PASSED  
Preparing to run test 208.  ntuple = 0
       dab_filltree2|   0|   5000000|       1|0.07763078|  PASSED  
       dab_filltree2|   1|   5000000|       1|0.65284829|  PASSED  
Preparing to run test 209.  ntuple = 0
        dab_monobit2|  12|  65000000|       1|0.33779766|  PASSED  
