Sun Aug 14 02:54:38 UTC 2016
#=============================================================================#
#            dieharder version 3.31.1 Copyright 2003 Robert G. Brown          #
#=============================================================================#
   rng_name    |           filename             |rands/second|
 file_input_raw|                    tmp/jaesprng|  1.17e+07  |
#=============================================================================#
        test_name   |ntup| tsamples |psamples|  p-value |Assessment
#=============================================================================#
   diehard_birthdays|   0|       100|     100|0.71537212|  PASSED  
      diehard_operm5|   0|   1000000|     100|0.87391963|  PASSED  
  diehard_rank_32x32|   0|     40000|     100|0.38443302|  PASSED  
    diehard_rank_6x8|   0|    100000|     100|0.28391992|  PASSED  
   diehard_bitstream|   0|   2097152|     100|0.79230109|  PASSED  
        diehard_opso|   0|   2097152|     100|0.06269339|  PASSED  
        diehard_oqso|   0|   2097152|     100|0.09295265|  PASSED  
         diehard_dna|   0|   2097152|     100|0.18412339|  PASSED  
diehard_count_1s_str|   0|    256000|     100|0.57774221|  PASSED  
diehard_count_1s_byt|   0|    256000|     100|0.04697640|  PASSED  
 diehard_parking_lot|   0|     12000|     100|0.97391048|  PASSED  
    diehard_2dsphere|   2|      8000|     100|0.02454811|  PASSED  
    diehard_3dsphere|   3|      4000|     100|0.32485300|  PASSED  
     diehard_squeeze|   0|    100000|     100|0.24393090|  PASSED  
        diehard_sums|   0|       100|     100|0.25590322|  PASSED  
        diehard_runs|   0|    100000|     100|0.63224586|  PASSED  
        diehard_runs|   0|    100000|     100|0.64361542|  PASSED  
       diehard_craps|   0|    200000|     100|0.21966494|  PASSED  
       diehard_craps|   0|    200000|     100|0.65680587|  PASSED  
 marsaglia_tsang_gcd|   0|  10000000|     100|0.01222343|  PASSED  
 marsaglia_tsang_gcd|   0|  10000000|     100|0.35883012|  PASSED  
         sts_monobit|   1|    100000|     100|0.49007337|  PASSED  
            sts_runs|   2|    100000|     100|0.03690232|  PASSED  
          sts_serial|   1|    100000|     100|0.79306658|  PASSED  
          sts_serial|   2|    100000|     100|0.43460430|  PASSED  
          sts_serial|   3|    100000|     100|0.91751150|  PASSED  
          sts_serial|   3|    100000|     100|0.82242395|  PASSED  
          sts_serial|   4|    100000|     100|0.19416234|  PASSED  
          sts_serial|   4|    100000|     100|0.63723493|  PASSED  
          sts_serial|   5|    100000|     100|0.25332247|  PASSED  
          sts_serial|   5|    100000|     100|0.31223071|  PASSED  
          sts_serial|   6|    100000|     100|0.17098327|  PASSED  
          sts_serial|   6|    100000|     100|0.87333236|  PASSED  
          sts_serial|   7|    100000|     100|0.86299455|  PASSED  
          sts_serial|   7|    100000|     100|0.65021031|  PASSED  
          sts_serial|   8|    100000|     100|0.02318437|  PASSED  
          sts_serial|   8|    100000|     100|0.20638682|  PASSED  
          sts_serial|   9|    100000|     100|0.49433583|  PASSED  
          sts_serial|   9|    100000|     100|0.77632085|  PASSED  
          sts_serial|  10|    100000|     100|0.65431420|  PASSED  
          sts_serial|  10|    100000|     100|0.89376065|  PASSED  
          sts_serial|  11|    100000|     100|0.85686602|  PASSED  
          sts_serial|  11|    100000|     100|0.47346865|  PASSED  
          sts_serial|  12|    100000|     100|0.75982657|  PASSED  
          sts_serial|  12|    100000|     100|0.82250151|  PASSED  
          sts_serial|  13|    100000|     100|0.62045502|  PASSED  
          sts_serial|  13|    100000|     100|0.92639722|  PASSED  
          sts_serial|  14|    100000|     100|0.81758603|  PASSED  
          sts_serial|  14|    100000|     100|0.75722697|  PASSED  
          sts_serial|  15|    100000|     100|0.05565119|  PASSED  
          sts_serial|  15|    100000|     100|0.08152841|  PASSED  
          sts_serial|  16|    100000|     100|0.33714135|  PASSED  
          sts_serial|  16|    100000|     100|0.88851593|  PASSED  
         rgb_bitdist|   1|    100000|     100|0.50440130|  PASSED  
         rgb_bitdist|   2|    100000|     100|0.33990344|  PASSED  
         rgb_bitdist|   3|    100000|     100|0.35312912|  PASSED  
         rgb_bitdist|   4|    100000|     100|0.70061877|  PASSED  
         rgb_bitdist|   5|    100000|     100|0.62068482|  PASSED  
         rgb_bitdist|   6|    100000|     100|0.24746425|  PASSED  
         rgb_bitdist|   7|    100000|     100|0.86960985|  PASSED  
         rgb_bitdist|   8|    100000|     100|0.40368438|  PASSED  
         rgb_bitdist|   9|    100000|     100|0.42575039|  PASSED  
         rgb_bitdist|  10|    100000|     100|0.99602897|   WEAK   
         rgb_bitdist|  11|    100000|     100|0.58217706|  PASSED  
         rgb_bitdist|  12|    100000|     100|0.72688841|  PASSED  
rgb_minimum_distance|   2|     10000|    1000|0.90462675|  PASSED  
rgb_minimum_distance|   3|     10000|    1000|0.14283442|  PASSED  
rgb_minimum_distance|   4|     10000|    1000|0.64683209|  PASSED  
rgb_minimum_distance|   5|     10000|    1000|0.77005112|  PASSED  
    rgb_permutations|   2|    100000|     100|0.43790126|  PASSED  
    rgb_permutations|   3|    100000|     100|0.41484240|  PASSED  
    rgb_permutations|   4|    100000|     100|0.79048089|  PASSED  
    rgb_permutations|   5|    100000|     100|0.69668529|  PASSED  
      rgb_lagged_sum|   0|   1000000|     100|0.52946456|  PASSED  
      rgb_lagged_sum|   1|   1000000|     100|0.55881760|  PASSED  
      rgb_lagged_sum|   2|   1000000|     100|0.26559350|  PASSED  
      rgb_lagged_sum|   3|   1000000|     100|0.34291064|  PASSED  
      rgb_lagged_sum|   4|   1000000|     100|0.53422895|  PASSED  
      rgb_lagged_sum|   5|   1000000|     100|0.44843301|  PASSED  
      rgb_lagged_sum|   6|   1000000|     100|0.78097390|  PASSED  
      rgb_lagged_sum|   7|   1000000|     100|0.98607332|  PASSED  
      rgb_lagged_sum|   8|   1000000|     100|0.78337339|  PASSED  
      rgb_lagged_sum|   9|   1000000|     100|0.17949369|  PASSED  
      rgb_lagged_sum|  10|   1000000|     100|0.01112381|  PASSED  
      rgb_lagged_sum|  11|   1000000|     100|0.79706640|  PASSED  
      rgb_lagged_sum|  12|   1000000|     100|0.99790941|   WEAK   
      rgb_lagged_sum|  13|   1000000|     100|0.30671733|  PASSED  
      rgb_lagged_sum|  14|   1000000|     100|0.53817617|  PASSED  
      rgb_lagged_sum|  15|   1000000|     100|0.58704860|  PASSED  
      rgb_lagged_sum|  16|   1000000|     100|0.27269270|  PASSED  
      rgb_lagged_sum|  17|   1000000|     100|0.76164934|  PASSED  
      rgb_lagged_sum|  18|   1000000|     100|0.95735263|  PASSED  
      rgb_lagged_sum|  19|   1000000|     100|0.25808819|  PASSED  
      rgb_lagged_sum|  20|   1000000|     100|0.43131514|  PASSED  
      rgb_lagged_sum|  21|   1000000|     100|0.33222779|  PASSED  
      rgb_lagged_sum|  22|   1000000|     100|0.24616983|  PASSED  
      rgb_lagged_sum|  23|   1000000|     100|0.17688394|  PASSED  
      rgb_lagged_sum|  24|   1000000|     100|0.57428280|  PASSED  
      rgb_lagged_sum|  25|   1000000|     100|0.01747594|  PASSED  
      rgb_lagged_sum|  26|   1000000|     100|0.53368132|  PASSED  
      rgb_lagged_sum|  27|   1000000|     100|0.98135876|  PASSED  
      rgb_lagged_sum|  28|   1000000|     100|0.75296892|  PASSED  
      rgb_lagged_sum|  29|   1000000|     100|0.83448965|  PASSED  
      rgb_lagged_sum|  30|   1000000|     100|0.38373780|  PASSED  
      rgb_lagged_sum|  31|   1000000|     100|0.09201285|  PASSED  
      rgb_lagged_sum|  32|   1000000|     100|0.18091038|  PASSED  
     rgb_kstest_test|   0|     10000|    1000|0.43472411|  PASSED  
     dab_bytedistrib|   0|  51200000|       1|0.25473372|  PASSED  
             dab_dct| 256|     50000|       1|0.74804159|  PASSED  
Preparing to run test 207.  ntuple = 0
        dab_filltree|  32|  15000000|       1|0.79023096|  PASSED  
        dab_filltree|  32|  15000000|       1|0.34029695|  PASSED  
Preparing to run test 208.  ntuple = 0
       dab_filltree2|   0|   5000000|       1|0.35432717|  PASSED  
       dab_filltree2|   1|   5000000|       1|0.20186023|  PASSED  
Preparing to run test 209.  ntuple = 0
        dab_monobit2|  12|  65000000|       1|0.82959622|  PASSED  
