Wed Dec  7 21:17:35 UTC 2022
#=============================================================================#
#            dieharder version 3.31.1 Copyright 2003 Robert G. Brown          #
#=============================================================================#
   rng_name    |           filename             |rands/second|
 file_input_raw|                       tmp/rng-2|  3.40e+06  |
#=============================================================================#
        test_name   |ntup| tsamples |psamples|  p-value |Assessment
#=============================================================================#
   diehard_birthdays|   0|       100|     100|0.13550028|  PASSED  
      diehard_operm5|   0|   1000000|     100|0.73991230|  PASSED  
  diehard_rank_32x32|   0|     40000|     100|0.70745070|  PASSED  
    diehard_rank_6x8|   0|    100000|     100|0.80799159|  PASSED  
   diehard_bitstream|   0|   2097152|     100|0.67214495|  PASSED  
        diehard_opso|   0|   2097152|     100|0.25110439|  PASSED  
        diehard_oqso|   0|   2097152|     100|0.40237715|  PASSED  
         diehard_dna|   0|   2097152|     100|0.27851229|  PASSED  
diehard_count_1s_str|   0|    256000|     100|0.09755717|  PASSED  
diehard_count_1s_byt|   0|    256000|     100|0.65376633|  PASSED  
 diehard_parking_lot|   0|     12000|     100|0.36104913|  PASSED  
    diehard_2dsphere|   2|      8000|     100|0.00773021|  PASSED  
    diehard_3dsphere|   3|      4000|     100|0.79523647|  PASSED  
     diehard_squeeze|   0|    100000|     100|0.34493265|  PASSED  
        diehard_sums|   0|       100|     100|0.51557340|  PASSED  
        diehard_runs|   0|    100000|     100|0.88286909|  PASSED  
        diehard_runs|   0|    100000|     100|0.99254204|  PASSED  
       diehard_craps|   0|    200000|     100|0.71565636|  PASSED  
       diehard_craps|   0|    200000|     100|0.93421659|  PASSED  
 marsaglia_tsang_gcd|   0|  10000000|     100|0.76935884|  PASSED  
 marsaglia_tsang_gcd|   0|  10000000|     100|0.84086454|  PASSED  
         sts_monobit|   1|    100000|     100|0.28289862|  PASSED  
            sts_runs|   2|    100000|     100|0.44453709|  PASSED  











































