Sun Sep  4 06:12:19 UTC 2016
#=============================================================================#
#            dieharder version 3.31.1 Copyright 2003 Robert G. Brown          #
#=============================================================================#
   rng_name    |           filename             |rands/second|
 file_input_raw|                       tmp/rng-3|  8.16e+06  |
#=============================================================================#
        test_name   |ntup| tsamples |psamples|  p-value |Assessment
#=============================================================================#
   diehard_birthdays|   0|       100|     100|0.55872799|  PASSED  
      diehard_operm5|   0|   1000000|     100|0.52670824|  PASSED  
  diehard_rank_32x32|   0|     40000|     100|0.89053367|  PASSED  
    diehard_rank_6x8|   0|    100000|     100|0.99541556|   WEAK   
   diehard_bitstream|   0|   2097152|     100|0.31603737|  PASSED  
        diehard_opso|   0|   2097152|     100|0.78184912|  PASSED  
        diehard_oqso|   0|   2097152|     100|0.07974997|  PASSED  
         diehard_dna|   0|   2097152|     100|0.15039968|  PASSED  
diehard_count_1s_str|   0|    256000|     100|0.26493340|  PASSED  
diehard_count_1s_byt|   0|    256000|     100|0.79148485|  PASSED  
 diehard_parking_lot|   0|     12000|     100|0.30014525|  PASSED  
    diehard_2dsphere|   2|      8000|     100|0.21221777|  PASSED  
    diehard_3dsphere|   3|      4000|     100|0.89303425|  PASSED  
     diehard_squeeze|   0|    100000|     100|0.42001901|  PASSED  
        diehard_sums|   0|       100|     100|0.06603832|  PASSED  
        diehard_runs|   0|    100000|     100|0.12213308|  PASSED  
        diehard_runs|   0|    100000|     100|0.27707387|  PASSED  
       diehard_craps|   0|    200000|     100|0.43131615|  PASSED  
       diehard_craps|   0|    200000|     100|0.12255742|  PASSED  
 marsaglia_tsang_gcd|   0|  10000000|     100|0.93546164|  PASSED  
 marsaglia_tsang_gcd|   0|  10000000|     100|0.34188040|  PASSED  
         sts_monobit|   1|    100000|     100|0.14754503|  PASSED  
            sts_runs|   2|    100000|     100|0.41303205|  PASSED  
          sts_serial|   1|    100000|     100|0.56197223|  PASSED  
          sts_serial|   2|    100000|     100|0.27472817|  PASSED  
          sts_serial|   3|    100000|     100|0.04908558|  PASSED  
          sts_serial|   3|    100000|     100|0.03166993|  PASSED  
          sts_serial|   4|    100000|     100|0.71983322|  PASSED  
          sts_serial|   4|    100000|     100|0.22878000|  PASSED  
          sts_serial|   5|    100000|     100|0.91102363|  PASSED  
          sts_serial|   5|    100000|     100|0.89634897|  PASSED  
          sts_serial|   6|    100000|     100|0.40306152|  PASSED  
          sts_serial|   6|    100000|     100|0.76848013|  PASSED  
          sts_serial|   7|    100000|     100|0.11034011|  PASSED  
          sts_serial|   7|    100000|     100|0.00292377|   WEAK   
          sts_serial|   8|    100000|     100|0.14835151|  PASSED  
          sts_serial|   8|    100000|     100|0.24281026|  PASSED  
          sts_serial|   9|    100000|     100|0.03624654|  PASSED  
          sts_serial|   9|    100000|     100|0.20831547|  PASSED  
          sts_serial|  10|    100000|     100|0.99495747|  PASSED  
          sts_serial|  10|    100000|     100|0.64878041|  PASSED  
          sts_serial|  11|    100000|     100|0.45083905|  PASSED  
          sts_serial|  11|    100000|     100|0.60794363|  PASSED  
          sts_serial|  12|    100000|     100|0.65420054|  PASSED  
          sts_serial|  12|    100000|     100|0.99828123|   WEAK   
          sts_serial|  13|    100000|     100|0.65020410|  PASSED  
          sts_serial|  13|    100000|     100|0.32448567|  PASSED  
          sts_serial|  14|    100000|     100|0.99679669|   WEAK   
          sts_serial|  14|    100000|     100|0.80041177|  PASSED  
          sts_serial|  15|    100000|     100|0.78671630|  PASSED  
          sts_serial|  15|    100000|     100|0.82143025|  PASSED  
          sts_serial|  16|    100000|     100|0.85983753|  PASSED  
          sts_serial|  16|    100000|     100|0.17219200|  PASSED  
         rgb_bitdist|   1|    100000|     100|0.77856558|  PASSED  
         rgb_bitdist|   2|    100000|     100|0.70497446|  PASSED  
         rgb_bitdist|   3|    100000|     100|0.54486827|  PASSED  
         rgb_bitdist|   4|    100000|     100|0.45122603|  PASSED  
         rgb_bitdist|   5|    100000|     100|0.74400092|  PASSED  
         rgb_bitdist|   6|    100000|     100|0.92815508|  PASSED  
         rgb_bitdist|   7|    100000|     100|0.78456484|  PASSED  
         rgb_bitdist|   8|    100000|     100|0.26608178|  PASSED  
         rgb_bitdist|   9|    100000|     100|0.91970989|  PASSED  
         rgb_bitdist|  10|    100000|     100|0.02221661|  PASSED  
         rgb_bitdist|  11|    100000|     100|0.52408279|  PASSED  
         rgb_bitdist|  12|    100000|     100|0.09939535|  PASSED  
rgb_minimum_distance|   2|     10000|    1000|0.05934204|  PASSED  
rgb_minimum_distance|   3|     10000|    1000|0.87248092|  PASSED  
rgb_minimum_distance|   4|     10000|    1000|0.26157231|  PASSED  
rgb_minimum_distance|   5|     10000|    1000|0.91681122|  PASSED  
    rgb_permutations|   2|    100000|     100|0.15674135|  PASSED  
    rgb_permutations|   3|    100000|     100|0.06050562|  PASSED  
    rgb_permutations|   4|    100000|     100|0.38761047|  PASSED  
    rgb_permutations|   5|    100000|     100|0.72163278|  PASSED  
      rgb_lagged_sum|   0|   1000000|     100|0.32439764|  PASSED  
      rgb_lagged_sum|   1|   1000000|     100|0.38105187|  PASSED  
      rgb_lagged_sum|   2|   1000000|     100|0.36374369|  PASSED  
      rgb_lagged_sum|   3|   1000000|     100|0.52141728|  PASSED  
      rgb_lagged_sum|   4|   1000000|     100|0.85392847|  PASSED  
      rgb_lagged_sum|   5|   1000000|     100|0.80981731|  PASSED  
      rgb_lagged_sum|   6|   1000000|     100|0.11416128|  PASSED  
      rgb_lagged_sum|   7|   1000000|     100|0.93326698|  PASSED  
      rgb_lagged_sum|   8|   1000000|     100|0.91216539|  PASSED  
      rgb_lagged_sum|   9|   1000000|     100|0.11841203|  PASSED  
      rgb_lagged_sum|  10|   1000000|     100|0.38220226|  PASSED  
      rgb_lagged_sum|  11|   1000000|     100|0.36652423|  PASSED  
      rgb_lagged_sum|  12|   1000000|     100|0.90058364|  PASSED  
      rgb_lagged_sum|  13|   1000000|     100|0.98466949|  PASSED  
      rgb_lagged_sum|  14|   1000000|     100|0.68451570|  PASSED  
      rgb_lagged_sum|  15|   1000000|     100|0.53071338|  PASSED  
      rgb_lagged_sum|  16|   1000000|     100|0.98661036|  PASSED  
      rgb_lagged_sum|  17|   1000000|     100|0.12732398|  PASSED  
      rgb_lagged_sum|  18|   1000000|     100|0.97899683|  PASSED  
      rgb_lagged_sum|  19|   1000000|     100|0.97609674|  PASSED  
      rgb_lagged_sum|  20|   1000000|     100|0.99205006|  PASSED  
      rgb_lagged_sum|  21|   1000000|     100|0.68760012|  PASSED  
      rgb_lagged_sum|  22|   1000000|     100|0.84983138|  PASSED  
      rgb_lagged_sum|  23|   1000000|     100|0.84072930|  PASSED  
      rgb_lagged_sum|  24|   1000000|     100|0.79306160|  PASSED  
      rgb_lagged_sum|  25|   1000000|     100|0.75837337|  PASSED  
      rgb_lagged_sum|  26|   1000000|     100|0.99667274|   WEAK   
      rgb_lagged_sum|  27|   1000000|     100|0.59456508|  PASSED  
      rgb_lagged_sum|  28|   1000000|     100|0.48110071|  PASSED  
      rgb_lagged_sum|  29|   1000000|     100|0.52420053|  PASSED  
      rgb_lagged_sum|  30|   1000000|     100|0.63488582|  PASSED  
      rgb_lagged_sum|  31|   1000000|     100|0.57393245|  PASSED  
      rgb_lagged_sum|  32|   1000000|     100|0.26666581|  PASSED  
     rgb_kstest_test|   0|     10000|    1000|0.07031285|  PASSED  
     dab_bytedistrib|   0|  51200000|       1|0.20585280|  PASSED  
             dab_dct| 256|     50000|       1|0.94809245|  PASSED  
Preparing to run test 207.  ntuple = 0
        dab_filltree|  32|  15000000|       1|0.37905264|  PASSED  
        dab_filltree|  32|  15000000|       1|0.46756449|  PASSED  
Preparing to run test 208.  ntuple = 0
       dab_filltree2|   0|   5000000|       1|0.87430718|  PASSED  
       dab_filltree2|   1|   5000000|       1|0.71335898|  PASSED  
Preparing to run test 209.  ntuple = 0
        dab_monobit2|  12|  65000000|       1|0.24801798|  PASSED  
