4
test_name,ntup,tsamples,p1,p2,p3,p4,a1,a2,a3,a4
   diehard_birthdays,   0,       100,     100,0.24897146,0.00140469,0.55872799,0.48846295,PASSED,WEAK,PASSED,PASSED
      diehard_operm5,   0,   1000000,     100,0.09465649,0.6213748,0.52670824,0.56293643,PASSED,PASSED,PASSED,PASSED
  diehard_rank_32x32,   0,     40000,     100,0.75963645,0.77762957,0.89053367,0.69093065,PASSED,PASSED,PASSED,PASSED
    diehard_rank_6x8,   0,    100000,     100,0.55672455,0.97224485,0.99541556,0.2086425,PASSED,PASSED,WEAK,PASSED
   diehard_bitstream,   0,   2097152,     100,0.58857619,0.51824683,0.31603737,0.06438209,PASSED,PASSED,PASSED,PASSED
        diehard_opso,   0,   2097152,     100,0.13358804,0.56999268,0.78184912,0.38218785,PASSED,PASSED,PASSED,PASSED
        diehard_oqso,   0,   2097152,     100,0.86757422,0.65666791,0.07974997,0.33118018,PASSED,PASSED,PASSED,PASSED
         diehard_dna,   0,   2097152,     100,0.31184768,0.6044809,0.15039968,0.18000284,PASSED,PASSED,PASSED,PASSED
diehard_count_1s_str,   0,    256000,     100,0.41274947,0.13543521,0.2649334,0.09161948,PASSED,PASSED,PASSED,PASSED
diehard_count_1s_byt,   0,    256000,     100,0.30806364,0.22408245,0.79148485,0.20731362,PASSED,PASSED,PASSED,PASSED
 diehard_parking_lot,   0,     12000,     100,0.96257187,0.0636999,0.30014525,0.77743129,PASSED,PASSED,PASSED,PASSED
    diehard_2dsphere,   2,      8000,     100,0.95658614,0.49685102,0.21221777,0.0306378,PASSED,PASSED,PASSED,PASSED
    diehard_3dsphere,   3,      4000,     100,0.42496457,0.26886619,0.89303425,0.74671853,PASSED,PASSED,PASSED,PASSED
     diehard_squeeze,   0,    100000,     100,0.23544271,0.69176116,0.42001901,0.28206315,PASSED,PASSED,PASSED,PASSED
        diehard_sums,   0,       100,     100,0.81125957,0.45286867,0.06603832,0.34721062,PASSED,PASSED,PASSED,PASSED
        diehard_runs,   0,    100000,     100,0.80211459,0.33595038,0.12213308,0.60213579,PASSED,PASSED,PASSED,PASSED
        diehard_runs,   0,    100000,     100,0.83034046,0.77868022,0.27707387,0.55049899,PASSED,PASSED,PASSED,PASSED
       diehard_craps,   0,    200000,     100,0.97428774,0.96568144,0.43131615,0.70389445,PASSED,PASSED,PASSED,PASSED
       diehard_craps,   0,    200000,     100,0.59116921,0.04093074,0.12255742,0.7660418,PASSED,PASSED,PASSED,PASSED
 marsaglia_tsang_gcd,   0,  10000000,     100,0.55776564,0.5379122,0.93546164,0.73185211,PASSED,PASSED,PASSED,PASSED
 marsaglia_tsang_gcd,   0,  10000000,     100,0.02942629,0.01164476,0.3418804,0.92193771,PASSED,PASSED,PASSED,PASSED
         sts_monobit,   1,    100000,     100,0.45904982,0.57993464,0.14754503,0.12032973,PASSED,PASSED,PASSED,PASSED
            sts_runs,   2,    100000,     100,0.1491184,0.77833664,0.41303205,0.33127411,PASSED,PASSED,PASSED,PASSED
          sts_serial,   1,    100000,     100,0.40622032,0.61076129,0.56197223,0.78154867,PASSED,PASSED,PASSED,PASSED
          sts_serial,   2,    100000,     100,0.55447454,0.11155576,0.27472817,0.22444925,PASSED,PASSED,PASSED,PASSED
          sts_serial,   3,    100000,     100,0.81838721,0.04789715,0.04908558,0.62172394,PASSED,PASSED,PASSED,PASSED
          sts_serial,   3,    100000,     100,0.69334016,0.28951103,0.03166993,0.78188625,PASSED,PASSED,PASSED,PASSED
          sts_serial,   4,    100000,     100,0.68983464,0.3497831,0.71983322,0.90702149,PASSED,PASSED,PASSED,PASSED
          sts_serial,   4,    100000,     100,0.93182214,0.8439163,0.22878,0.64140656,PASSED,PASSED,PASSED,PASSED
          sts_serial,   5,    100000,     100,0.52116735,0.85666554,0.91102363,0.55506742,PASSED,PASSED,PASSED,PASSED
          sts_serial,   5,    100000,     100,0.76925993,0.8121657,0.89634897,0.99484671,PASSED,PASSED,PASSED,PASSED
          sts_serial,   6,    100000,     100,0.72702489,0.25154186,0.40306152,0.17947433,PASSED,PASSED,PASSED,PASSED
          sts_serial,   6,    100000,     100,0.98119863,0.96563443,0.76848013,0.88457465,PASSED,PASSED,PASSED,PASSED
          sts_serial,   7,    100000,     100,0.99291589,0.2622759,0.11034011,0.88354622,PASSED,PASSED,PASSED,PASSED
          sts_serial,   7,    100000,     100,0.52956205,0.66958729,0.00292377,0.95149464,PASSED,PASSED,WEAK,PASSED
          sts_serial,   8,    100000,     100,0.63014844,0.60643678,0.14835151,0.26297119,PASSED,PASSED,PASSED,PASSED
          sts_serial,   8,    100000,     100,0.99711549,0.16732362,0.24281026,0.32622315,WEAK,PASSED,PASSED,PASSED
          sts_serial,   9,    100000,     100,0.71702109,0.99369186,0.03624654,0.99462199,PASSED,PASSED,PASSED,PASSED
          sts_serial,   9,    100000,     100,0.37018978,0.44130213,0.20831547,0.1289738,PASSED,PASSED,PASSED,PASSED
          sts_serial,  10,    100000,     100,0.88651047,0.97998078,0.99495747,0.30674441,PASSED,PASSED,PASSED,PASSED
          sts_serial,  10,    100000,     100,0.44753368,0.85856932,0.64878041,0.05591871,PASSED,PASSED,PASSED,PASSED
          sts_serial,  11,    100000,     100,0.88517478,0.31313087,0.45083905,0.54298631,PASSED,PASSED,PASSED,PASSED
          sts_serial,  11,    100000,     100,0.2234147,0.01456917,0.60794363,0.58557539,PASSED,PASSED,PASSED,PASSED
          sts_serial,  12,    100000,     100,0.84104397,0.17700944,0.65420054,0.49860775,PASSED,PASSED,PASSED,PASSED
          sts_serial,  12,    100000,     100,0.57453926,0.93093326,0.99828123,0.66726858,PASSED,PASSED,WEAK,PASSED
          sts_serial,  13,    100000,     100,0.78223363,0.51104279,0.6502041,0.67720355,PASSED,PASSED,PASSED,PASSED
          sts_serial,  13,    100000,     100,0.19730294,0.99778615,0.32448567,0.98965935,PASSED,WEAK,PASSED,PASSED
          sts_serial,  14,    100000,     100,0.91498175,0.27066984,0.99679669,0.35881867,PASSED,PASSED,WEAK,PASSED
          sts_serial,  14,    100000,     100,0.72577066,0.15606812,0.80041177,0.39609573,PASSED,PASSED,PASSED,PASSED
          sts_serial,  15,    100000,     100,0.4228511,0.17640925,0.7867163,0.87938739,PASSED,PASSED,PASSED,PASSED
          sts_serial,  15,    100000,     100,0.78609897,0.78361174,0.82143025,0.34510798,PASSED,PASSED,PASSED,PASSED
          sts_serial,  16,    100000,     100,0.29857605,0.3230593,0.85983753,0.80305273,PASSED,PASSED,PASSED,PASSED
          sts_serial,  16,    100000,     100,0.57645799,0.96143257,0.172192,0.51259437,PASSED,PASSED,PASSED,PASSED
         rgb_bitdist,   1,    100000,     100,0.50886353,0.28290546,0.77856558,0.78511362,PASSED,PASSED,PASSED,PASSED
         rgb_bitdist,   2,    100000,     100,0.84224428,0.93311817,0.70497446,0.61072951,PASSED,PASSED,PASSED,PASSED
         rgb_bitdist,   3,    100000,     100,0.59210621,0.7804317,0.54486827,0.11234238,PASSED,PASSED,PASSED,PASSED
         rgb_bitdist,   4,    100000,     100,0.01352759,0.16802663,0.45122603,0.8442392,PASSED,PASSED,PASSED,PASSED
         rgb_bitdist,   5,    100000,     100,0.76622969,0.0448586,0.74400092,0.02873309,PASSED,PASSED,PASSED,PASSED
         rgb_bitdist,   6,    100000,     100,0.92974766,0.1743618,0.92815508,0.27409629,PASSED,PASSED,PASSED,PASSED
         rgb_bitdist,   7,    100000,     100,0.46989326,0.83873305,0.78456484,0.04941378,PASSED,PASSED,PASSED,PASSED
         rgb_bitdist,   8,    100000,     100,0.3228168,0.26520757,0.26608178,0.92444402,PASSED,PASSED,PASSED,PASSED
         rgb_bitdist,   9,    100000,     100,0.42712922,0.30350284,0.91970989,0.27088832,PASSED,PASSED,PASSED,PASSED
         rgb_bitdist,  10,    100000,     100,0.91350444,0.0893943,0.02221661,0.5376844,PASSED,PASSED,PASSED,PASSED
         rgb_bitdist,  11,    100000,     100,0.14034486,0.64479608,0.52408279,0.12013573,PASSED,PASSED,PASSED,PASSED
         rgb_bitdist,  12,    100000,     100,0.80077913,0.14275724,0.09939535,0.05306375,PASSED,PASSED,PASSED,PASSED
rgb_minimum_distance,   2,     10000,    1000,0.05411826,0.83787643,0.05934204,0.68530602,PASSED,PASSED,PASSED,PASSED
rgb_minimum_distance,   3,     10000,    1000,0.97056175,0.65987523,0.87248092,0.68900564,PASSED,PASSED,PASSED,PASSED
rgb_minimum_distance,   4,     10000,    1000,0.18976549,0.79248793,0.26157231,0.07373826,PASSED,PASSED,PASSED,PASSED
rgb_minimum_distance,   5,     10000,    1000,0.35450508,0.52236558,0.91681122,0.91010723,PASSED,PASSED,PASSED,PASSED
    rgb_permutations,   2,    100000,     100,0.38397102,0.45002346,0.15674135,0.05827292,PASSED,PASSED,PASSED,PASSED
    rgb_permutations,   3,    100000,     100,0.85730768,0.51709788,0.06050562,0.03163297,PASSED,PASSED,PASSED,PASSED
    rgb_permutations,   4,    100000,     100,0.03610909,0.73707967,0.38761047,0.10126433,PASSED,PASSED,PASSED,PASSED
    rgb_permutations,   5,    100000,     100,0.95414922,0.82596026,0.72163278,0.61418488,PASSED,PASSED,PASSED,PASSED
      rgb_lagged_sum,   0,   1000000,     100,0.39885787,0.97185696,0.32439764,0.57513904,PASSED,PASSED,PASSED,PASSED
      rgb_lagged_sum,   1,   1000000,     100,0.37245116,0.92769073,0.38105187,0.25538839,PASSED,PASSED,PASSED,PASSED
      rgb_lagged_sum,   2,   1000000,     100,0.71181176,0.36240947,0.36374369,0.95824137,PASSED,PASSED,PASSED,PASSED
      rgb_lagged_sum,   3,   1000000,     100,0.99762842,0.03194169,0.52141728,0.89979226,WEAK,PASSED,PASSED,PASSED
      rgb_lagged_sum,   4,   1000000,     100,0.77570812,0.63009451,0.85392847,0.95308545,PASSED,PASSED,PASSED,PASSED
      rgb_lagged_sum,   5,   1000000,     100,0.89392976,0.5892217,0.80981731,0.89468866,PASSED,PASSED,PASSED,PASSED
      rgb_lagged_sum,   6,   1000000,     100,0.91174814,0.11941411,0.11416128,0.38778914,PASSED,PASSED,PASSED,PASSED
      rgb_lagged_sum,   7,   1000000,     100,0.07571529,0.92474855,0.93326698,0.25894735,PASSED,PASSED,PASSED,PASSED
      rgb_lagged_sum,   8,   1000000,     100,0.78490414,0.61113152,0.91216539,0.88624726,PASSED,PASSED,PASSED,PASSED
      rgb_lagged_sum,   9,   1000000,     100,0.45111561,0.09883885,0.11841203,0.78537988,PASSED,PASSED,PASSED,PASSED
      rgb_lagged_sum,  10,   1000000,     100,0.78532393,0.36112071,0.38220226,0.61061237,PASSED,PASSED,PASSED,PASSED
      rgb_lagged_sum,  11,   1000000,     100,0.82346478,0.20099449,0.36652423,0.27936847,PASSED,PASSED,PASSED,PASSED
      rgb_lagged_sum,  12,   1000000,     100,0.87920234,0.16540227,0.90058364,0.94593454,PASSED,PASSED,PASSED,PASSED
      rgb_lagged_sum,  13,   1000000,     100,0.87501961,0.34048805,0.98466949,0.35163346,PASSED,PASSED,PASSED,PASSED
      rgb_lagged_sum,  14,   1000000,     100,0.63325351,0.13014391,0.6845157,0.57632072,PASSED,PASSED,PASSED,PASSED
      rgb_lagged_sum,  15,   1000000,     100,0.98019964,0.10676275,0.53071338,0.77345205,PASSED,PASSED,PASSED,PASSED
      rgb_lagged_sum,  16,   1000000,     100,0.14252086,0.07990656,0.98661036,0.91873202,PASSED,PASSED,PASSED,PASSED
      rgb_lagged_sum,  17,   1000000,     100,0.49498471,0.09099359,0.12732398,0.76960946,PASSED,PASSED,PASSED,PASSED
      rgb_lagged_sum,  18,   1000000,     100,0.55925492,0.94915429,0.97899683,0.84527411,PASSED,PASSED,PASSED,PASSED
      rgb_lagged_sum,  19,   1000000,     100,0.53590539,0.95731088,0.97609674,0.95807544,PASSED,PASSED,PASSED,PASSED
      rgb_lagged_sum,  20,   1000000,     100,0.85826524,0.33154456,0.99205006,0.15562795,PASSED,PASSED,PASSED,PASSED
      rgb_lagged_sum,  21,   1000000,     100,0.08409593,0.45438303,0.68760012,0.96261692,PASSED,PASSED,PASSED,PASSED
      rgb_lagged_sum,  22,   1000000,     100,0.88365464,0.77934473,0.84983138,0.9834602,PASSED,PASSED,PASSED,PASSED
      rgb_lagged_sum,  23,   1000000,     100,0.89856329,0.29167409,0.8407293,0.46993066,PASSED,PASSED,PASSED,PASSED
      rgb_lagged_sum,  24,   1000000,     100,0.3309579,0.56115191,0.7930616,0.77580472,PASSED,PASSED,PASSED,PASSED
      rgb_lagged_sum,  25,   1000000,     100,0.26318416,0.27948068,0.75837337,0.32622593,PASSED,PASSED,PASSED,PASSED
      rgb_lagged_sum,  26,   1000000,     100,0.70196173,0.39742701,0.99667274,0.33737075,PASSED,PASSED,WEAK,PASSED
      rgb_lagged_sum,  27,   1000000,     100,0.82725124,0.0028239,0.59456508,0.26274752,PASSED,WEAK,PASSED,PASSED
      rgb_lagged_sum,  28,   1000000,     100,0.09141213,0.52624716,0.48110071,0.68579754,PASSED,PASSED,PASSED,PASSED
      rgb_lagged_sum,  29,   1000000,     100,0.26847882,0.02666135,0.52420053,0.18997009,PASSED,PASSED,PASSED,PASSED
      rgb_lagged_sum,  30,   1000000,     100,0.9580153,0.53411462,0.63488582,0.46742822,PASSED,PASSED,PASSED,PASSED
      rgb_lagged_sum,  31,   1000000,     100,0.03554629,0.26554293,0.57393245,0.55803126,PASSED,PASSED,PASSED,PASSED
      rgb_lagged_sum,  32,   1000000,     100,0.3238573,0.53106556,0.26666581,0.01819727,PASSED,PASSED,PASSED,PASSED
     rgb_kstest_test,   0,     10000,    1000,0.34181558,0.50512786,0.07031285,0.54249782,PASSED,PASSED,PASSED,PASSED
     dab_bytedistrib,   0,  51200000,       1,0.56800776,0.21110039,0.2058528,0.21572591,PASSED,PASSED,PASSED,PASSED
             dab_dct, 256,     50000,       1,0.25893716,0.14337298,0.94809245,0.16119508,PASSED,PASSED,PASSED,PASSED
        dab_filltree,  32,  15000000,       1,0.72926021,0.77958153,0.37905264,0.19982509,PASSED,PASSED,PASSED,PASSED
        dab_filltree,  32,  15000000,       1,0.77150157,0.38959384,0.46756449,0.05761104,PASSED,PASSED,PASSED,PASSED
       dab_filltree2,   0,   5000000,       1,0.13044559,0.65946557,0.87430718,0.41639214,PASSED,PASSED,PASSED,PASSED
       dab_filltree2,   1,   5000000,       1,0.08500108,0.26625415,0.71335898,0.97718578,PASSED,PASSED,PASSED,PASSED
        dab_monobit2,  12,  65000000,       1,0.93446985,0.21438597,0.24801798,0.73489264,PASSED,PASSED,PASSED,PASSED
